 *******************************************************************************
 **                      MOPAC (PUBLIC DOMAIN)                                **
 *******************************************************************************

                                 AM1 CALCULATION RESULTS


 *******************************************************************************
 *          MOPAC:  VERSION  7.00               CALC'D. Tue Jan 25 16:49:37 1994
 *  P1994    - THE ALTERNATE SET OF AM1 PHOSPHORUS PARAMETERS TO BE USED
 *  SYMMETRY - SYMMETRY CONDITIONS TO BE IMPOSED
 *   T=      - A TIME OF  3600.0 SECONDS REQUESTED
 *  DUMP=N   - RESTART FILE WRITTEN EVERY  3600.0 SECONDS
 *  AM1      - THE AM1 HAMILTONIAN TO BE USED
 ***********************************************************************030BY030



     PARAMETER DEPENDENCE DATA

        REFERENCE ATOM      FUNCTION NO.    DEPENDENT ATOM(S)
            2                  1             3
            2                  1             4
            3                  2             4

             DESCRIPTIONS OF THE FUNCTIONS USED

   1      BOND LENGTH    IS SET EQUAL TO THE REFERENCE BOND LENGTH   
   2      BOND ANGLE     IS SET EQUAL TO THE REFERENCE BOND ANGLE    
           AM1 P1994 SYMMETRY
 Phosphine                                HERR=  -1.08  DERR= 0.60  CERR=-1.31
 H=1.3 HR=JANAF86 D=0.578 I=9.98 DR=NLM1967 IR=CRC TYPE=1

    ATOM   CHEMICAL  BOND LENGTH    BOND ANGLE     TWIST ANGLE
   NUMBER  SYMBOL    (ANGSTROMS)     (DEGREES)      (DEGREES)
    (I)                  NA:I          NB:NA:I      NC:NB:NA:I     NA   NB   NC

      1      H       
      2      P         1.32395  *                                  1
      3      H         1.32395         97.13449  *                 2    1
      4      H         1.32395         97.13449      98.05031  *   2    1    3


          CARTESIAN COORDINATES 

    NO.       ATOM         X         Y         Z

     1         H        0.0000    0.0000    0.0000
     2         P        1.3239    0.0000    0.0000
     3         H        1.4884    1.3137    0.0000
     4         H        1.4884   -0.1840    1.3008


     MOLECULAR POINT GROUP   :   C3V 
  H: (AM1): M.J.S. DEWAR ET AL, J. AM. CHEM. SOC. 107 3902-3909 (1985)          
  P: (AM1): J. J. P. STEWART                                                    


          RHF CALCULATION, NO. OF DOUBLY OCCUPIED LEVELS =  4


            INTERATOMIC DISTANCES
0
                  H  1       P  2       H  3       H  4
 ------------------------------------------------------
     H    1   0.000000
     P    2   1.323947   0.000000
     H    3   1.985213   1.323947   0.000000
     H    4   1.985213   1.323947   1.983675   0.000000
 TEST ON GRADIENT SATISFIED
                    HOWEVER, A COMPONENT OF GRADIENT IS LARGER THAN  1.00

 CYCLE:   1 TIME:   0.08 TIME LEFT:   3599.8 GRAD.:     1.292 HEAT: 5.558425    
 TEST ON GRADIENT SATISFIED
 PETERS TEST SATISFIED 

 -------------------------------------------------------------------------------
           AM1 P1994 SYMMETRY
 Phosphine                                HERR=  -1.08  DERR= 0.60  CERR=-1.31
 H=1.3 HR=JANAF86 D=0.578 I=9.98 DR=NLM1967 IR=CRC TYPE=1


     PETERS TEST WAS SATISFIED IN BFGS OPTIMIZATION           
     SCF FIELD WAS ACHIEVED                                   


                                AM1    CALCULATION
                                                       VERSION  7.00
                                                       Tue Jan 25 16:49:38 1994




          FINAL HEAT OF FORMATION =          5.54984 KCAL


          TOTAL ENERGY            =       -156.44041 EV
          ELECTRONIC ENERGY       =       -292.39125 EV
          CORE-CORE REPULSION     =        135.95084 EV

          IONIZATION POTENTIAL    =          7.76017
          NO. OF FILLED LEVELS    =          4
          MOLECULAR WEIGHT        =     33.997


          SCF CALCULATIONS  =                6
          COMPUTATION TIME =   0.283 SECONDS





    ATOM   CHEMICAL  BOND LENGTH    BOND ANGLE     TWIST ANGLE
   NUMBER  SYMBOL    (ANGSTROMS)     (DEGREES)      (DEGREES)
    (I)                  NA:I          NB:NA:I      NC:NB:NA:I     NA   NB   NC

      1      H       
      2      P         1.31993  *                                  1
      3      H         1.31993        100.55722  *                 2    1
      4      H         1.31993        100.55722     102.90933  *   2    1    3


            INTERATOMIC DISTANCES
0
                  H  1       P  2       H  3       H  4
 ------------------------------------------------------
     H    1   0.000000
     P    2   1.319926   0.000000
     H    3   2.030471   1.319926   0.000000
     H    4   2.030471   1.319926   2.029718   0.000000


      MOLECULAR POINT GROUP   :   C3V 


                  EIGENVALUES

 -22.49752 -12.70738 -12.70483  -7.76017   0.86710   1.81720   1.81864


              NET ATOMIC CHARGES AND DIPOLE CONTRIBUTIONS

         ATOM NO.   TYPE          CHARGE        ATOM  ELECTRON DENSITY
           1          H          -0.0627          1.0627
           2          P           0.1882          4.8118
           3          H          -0.0628          1.0628
           4          H          -0.0628          1.0628
 DIPOLE           X         Y         Z       TOTAL
 POINT-CHG.     0.252    -0.304    -0.381     0.549
 HYBRID        -0.967     1.164     1.462     2.104
 SUM           -0.716     0.861     1.080     1.555


          CARTESIAN COORDINATES 

    NO.       ATOM               X         Y         Z

     1         H                  0.0000    0.0000    0.0000
     2         P                  1.3199    0.0000    0.0000
     3         H                  1.5618    1.2976    0.0000
     4         H                  1.5618   -0.2899    1.2648


          ATOMIC ORBITAL ELECTRON POPULATIONS

   1.06268   1.68073   0.97557   1.02856   1.12691   1.06277   1.06277



 TOTAL CPU TIME:             0.32 SECONDS

 == MOPAC DONE ==
